12:15:19.470 karate.env system property was:  
12:15:19.609 [print] igstOLMimE
12:15:19.629 [print] {
  "name": "tom",
  "gender": "male",
  "status": "active",
  "email": "igstOLMimE@gmail.com"
}

12:15:20.933 request:
1 > POST https://gorest.co.in/public/v1/users
1 > Accept-Encoding: gzip,deflate
1 > Authorization: Bearer 007526d9efdbc07e084ff7a6d4cfcc90588fbe20641c00faebf45a7f3b2eaf33
1 > Connection: Keep-Alive
1 > Content-Length: 79
1 > Content-Type: application/json; charset=UTF-8
1 > Host: gorest.co.in
1 > User-Agent: Apache-HttpClient/4.5.12 (Java/1.8.0_351)
{"name":"tom","gender":"male","status":"active","email":"igstOLMimE@gmail.com"}

12:15:21.714 response time in milliseconds: 777.78
1 < 201
1 < CF-Cache-Status: DYNAMIC
1 < CF-RAY: 764adf1bac9a87f3-SIN
1 < Cache-Control: max-age=0, private, must-revalidate
1 < Connection: keep-alive
1 < Content-Type: application/json; charset=utf-8
1 < Date: Fri, 04 Nov 2022 05:15:22 GMT
1 < NEL: {"success_fraction":0,"report_to":"cf-nel","max_age":604800}
1 < Report-To: {"endpoints":[{"url":"https:\/\/a.nel.cloudflare.com\/report\/v3?s=WKGc5Bp%2FgWPX4GNjBxsXOMP1LmoZD7mRDDQtkeMA%2Bu%2Fy5jAAY3HKROW2OjZ65DBwg7wDBNaj5nOljKoOv1SAAmETGWC6N9b7m3trRHBUxzzjDnDfmgsWjXlpPdWgFDk%3D"}],"group":"cf-nel","max_age":604800}
1 < Server: cloudflare
1 < Transfer-Encoding: chunked
1 < alt-svc: h3=":443"; ma=86400, h3-29=":443"; ma=86400
1 < etag: W/"197f1fdd70cc00a73351aea93497bc80"
1 < location: https://gorest.co.in/public/v1/users/3626
1 < referrer-policy: strict-origin-when-cross-origin
1 < vary: Origin
1 < x-content-type-options: nosniff
1 < x-download-options: noopen
1 < x-frame-options: SAMEORIGIN
1 < x-permitted-cross-domain-policies: none
1 < x-ratelimit-limit: 90
1 < x-ratelimit-remaining: 89
1 < x-ratelimit-reset: 1
1 < x-request-id: d4e62888-3dfa-4456-a1c8-caf2ddb69c1d
1 < x-runtime: 0.072101
1 < x-xss-protection: 0
{"meta":null,"data":{"id":3626,"name":"tom","email":"igstOLMimE@gmail.com","gender":"male","status":"active"}}

e"}}

